[2024-04-25 08:10:13] [I] LuaSTG Evo v0.1.0
[2024-04-25 08:10:13] [I] [luastg] 初始化引擎
[2024-04-25 08:10:13] [I] [luastg] 初始化luajit引擎
[2024-04-25 08:10:13] [I] [luajit] LuaJIT 2.1.1713711217
[2024-04-25 08:10:13] [I] [luajit] Registering libraries and packages
[2024-04-25 08:10:13] [I] [luajit] Storing command line arguments
[2024-04-25 08:10:13] [I] [luajit] [0] data/test/LuaSTG
[2024-04-25 08:10:13] [I] [luastg] 加载初始化脚本
[2024-04-25 08:10:13] [E] [luastg] 找不到文件'launch'
[2024-04-25 08:10:13] [I] [core] OpenGL 4.6
[2024-04-25 08:10:13] [I] [core] created OpenGL Dummy Device
[2024-04-25 08:10:13] [I] [core] Starting Renderer Initialization
[2024-04-25 08:10:13] [I] [core] Renderer Initialized
[2024-04-25 08:10:13] [I] [luastg] 初始化对象池，容量32768
[2024-04-25 08:10:14] [I] [luastg] 显示模式切换成功：窗口 -> 窗口
[2024-04-25 08:10:14] [I] [luastg] 加载入口点脚本
[2024-04-25 08:10:14] [E] [luastg] 找不到文件'core.lua'、'main.lua'或'src/main.lua'
[2024-04-25 08:10:14] [I] [luastg] 初始化完成
[2024-04-25 08:10:14] [I] [luastg] 开始更新&渲染循环
[2024-04-25 08:10:20] [I] [luastg] Exiting Update & Render Loop
[2024-04-25 08:10:20] [I] [luastg] 清空对象池
[2024-04-25 08:10:20] [I] [luastg] 关闭luajit引擎
[2024-04-25 08:10:20] [I] [luastg] 已清空资源池 'global'
[2024-04-25 08:10:20] [I] [luastg] 已清空资源池 'stage'
[2024-04-25 08:10:20] [I] [luastg] 清空所有游戏资源
